2014/10/21 19:23:57 [error] [php] opendir(/images/,/images/): The system cannot find the file specified. (code: 2) (C:\xampp\htdocs\framework\utils\CFileHelper.php:182)
Stack trace:
#0 C:\xampp\htdocs\hdcheck\protected\views\site\index.php(9): findFiles()
#1 C:\xampp\htdocs\framework\web\CBaseController.php(126): require()
#2 C:\xampp\htdocs\framework\web\CBaseController.php(95): SiteController->renderInternal()
#3 C:\xampp\htdocs\framework\web\CController.php(869): SiteController->renderFile()
#4 C:\xampp\htdocs\framework\web\CController.php(782): SiteController->renderPartial()
#5 C:\xampp\htdocs\hdcheck\protected\controllers\SiteController.php(32): SiteController->render()
#6 C:\xampp\htdocs\framework\web\actions\CInlineAction.php(49): SiteController->actionIndex()
#7 C:\xampp\htdocs\framework\web\CController.php(308): CInlineAction->runWithParams()
#8 C:\xampp\htdocs\framework\web\CController.php(286): SiteController->runAction()
#9 C:\xampp\htdocs\framework\web\CController.php(265): SiteController->runActionWithFilters()
#10 C:\xampp\htdocs\framework\web\CWebApplication.php(282): SiteController->run()
#11 C:\xampp\htdocs\framework\web\CWebApplication.php(141): CWebApplication->runController()
#12 C:\xampp\htdocs\framework\base\CApplication.php(180): CWebApplication->processRequest()
#13 C:\xampp\htdocs\hdcheck\index.php(13): CWebApplication->run()
REQUEST_URI=/hdcheck/index.php
in C:\xampp\htdocs\hdcheck\protected\views\site\index.php (9)
in C:\xampp\htdocs\hdcheck\protected\controllers\SiteController.php (32)
in C:\xampp\htdocs\hdcheck\index.php (13)
2014/10/21 19:24:10 [error] [php] opendir(../images/,../images/): The system cannot find the file specified. (code: 2) (C:\xampp\htdocs\framework\utils\CFileHelper.php:182)
Stack trace:
#0 C:\xampp\htdocs\hdcheck\protected\views\site\index.php(9): findFiles()
#1 C:\xampp\htdocs\framework\web\CBaseController.php(126): require()
#2 C:\xampp\htdocs\framework\web\CBaseController.php(95): SiteController->renderInternal()
#3 C:\xampp\htdocs\framework\web\CController.php(869): SiteController->renderFile()
#4 C:\xampp\htdocs\framework\web\CController.php(782): SiteController->renderPartial()
#5 C:\xampp\htdocs\hdcheck\protected\controllers\SiteController.php(32): SiteController->render()
#6 C:\xampp\htdocs\framework\web\actions\CInlineAction.php(49): SiteController->actionIndex()
#7 C:\xampp\htdocs\framework\web\CController.php(308): CInlineAction->runWithParams()
#8 C:\xampp\htdocs\framework\web\CController.php(286): SiteController->runAction()
#9 C:\xampp\htdocs\framework\web\CController.php(265): SiteController->runActionWithFilters()
#10 C:\xampp\htdocs\framework\web\CWebApplication.php(282): SiteController->run()
#11 C:\xampp\htdocs\framework\web\CWebApplication.php(141): CWebApplication->runController()
#12 C:\xampp\htdocs\framework\base\CApplication.php(180): CWebApplication->processRequest()
#13 C:\xampp\htdocs\hdcheck\index.php(13): CWebApplication->run()
REQUEST_URI=/hdcheck/index.php
in C:\xampp\htdocs\hdcheck\protected\views\site\index.php (9)
in C:\xampp\htdocs\hdcheck\protected\controllers\SiteController.php (32)
in C:\xampp\htdocs\hdcheck\index.php (13)
2014/10/21 19:24:23 [error] [php] opendir(/../images/,/../images/): The system cannot find the file specified. (code: 2) (C:\xampp\htdocs\framework\utils\CFileHelper.php:182)
Stack trace:
#0 C:\xampp\htdocs\hdcheck\protected\views\site\index.php(9): findFiles()
#1 C:\xampp\htdocs\framework\web\CBaseController.php(126): require()
#2 C:\xampp\htdocs\framework\web\CBaseController.php(95): SiteController->renderInternal()
#3 C:\xampp\htdocs\framework\web\CController.php(869): SiteController->renderFile()
#4 C:\xampp\htdocs\framework\web\CController.php(782): SiteController->renderPartial()
#5 C:\xampp\htdocs\hdcheck\protected\controllers\SiteController.php(32): SiteController->render()
#6 C:\xampp\htdocs\framework\web\actions\CInlineAction.php(49): SiteController->actionIndex()
#7 C:\xampp\htdocs\framework\web\CController.php(308): CInlineAction->runWithParams()
#8 C:\xampp\htdocs\framework\web\CController.php(286): SiteController->runAction()
#9 C:\xampp\htdocs\framework\web\CController.php(265): SiteController->runActionWithFilters()
#10 C:\xampp\htdocs\framework\web\CWebApplication.php(282): SiteController->run()
#11 C:\xampp\htdocs\framework\web\CWebApplication.php(141): CWebApplication->runController()
#12 C:\xampp\htdocs\framework\base\CApplication.php(180): CWebApplication->processRequest()
#13 C:\xampp\htdocs\hdcheck\index.php(13): CWebApplication->run()
REQUEST_URI=/hdcheck/index.php
in C:\xampp\htdocs\hdcheck\protected\views\site\index.php (9)
in C:\xampp\htdocs\hdcheck\protected\controllers\SiteController.php (32)
in C:\xampp\htdocs\hdcheck\index.php (13)
2014/10/21 19:27:21 [error] [php] opendir(/opt/tomcat/webapps/hdc/WEB-INF/fortythree,/opt/tomcat/webapps/hdc/WEB-INF/fortythree): The system cannot find the path specified. (code: 3) (C:\xampp\htdocs\framework\utils\CFileHelper.php:182)
Stack trace:
#0 C:\xampp\htdocs\hdcheck\protected\views\site\index.php(9): findFiles()
#1 C:\xampp\htdocs\framework\web\CBaseController.php(126): require()
#2 C:\xampp\htdocs\framework\web\CBaseController.php(95): SiteController->renderInternal()
#3 C:\xampp\htdocs\framework\web\CController.php(869): SiteController->renderFile()
#4 C:\xampp\htdocs\framework\web\CController.php(782): SiteController->renderPartial()
#5 C:\xampp\htdocs\hdcheck\protected\controllers\SiteController.php(32): SiteController->render()
#6 C:\xampp\htdocs\framework\web\actions\CInlineAction.php(49): SiteController->actionIndex()
#7 C:\xampp\htdocs\framework\web\CController.php(308): CInlineAction->runWithParams()
#8 C:\xampp\htdocs\framework\web\CController.php(286): SiteController->runAction()
#9 C:\xampp\htdocs\framework\web\CController.php(265): SiteController->runActionWithFilters()
#10 C:\xampp\htdocs\framework\web\CWebApplication.php(282): SiteController->run()
#11 C:\xampp\htdocs\framework\web\CWebApplication.php(141): CWebApplication->runController()
#12 C:\xampp\htdocs\framework\base\CApplication.php(180): CWebApplication->processRequest()
#13 C:\xampp\htdocs\hdcheck\index.php(13): CWebApplication->run()
REQUEST_URI=/hdcheck/index.php
in C:\xampp\htdocs\hdcheck\protected\views\site\index.php (9)
in C:\xampp\htdocs\hdcheck\protected\controllers\SiteController.php (32)
in C:\xampp\htdocs\hdcheck\index.php (13)
2014/10/21 19:27:42 [error] [php] opendir(/opt/tomcat/webapps/hdc/WEB-INF/fortythree,/opt/tomcat/webapps/hdc/WEB-INF/fortythree): The system cannot find the path specified. (code: 3) (C:\xampp\htdocs\framework\utils\CFileHelper.php:182)
Stack trace:
#0 C:\xampp\htdocs\hdcheck\protected\views\site\index.php(9): findFiles()
#1 C:\xampp\htdocs\framework\web\CBaseController.php(126): require()
#2 C:\xampp\htdocs\framework\web\CBaseController.php(95): SiteController->renderInternal()
#3 C:\xampp\htdocs\framework\web\CController.php(869): SiteController->renderFile()
#4 C:\xampp\htdocs\framework\web\CController.php(782): SiteController->renderPartial()
#5 C:\xampp\htdocs\hdcheck\protected\controllers\SiteController.php(32): SiteController->render()
#6 C:\xampp\htdocs\framework\web\actions\CInlineAction.php(49): SiteController->actionIndex()
#7 C:\xampp\htdocs\framework\web\CController.php(308): CInlineAction->runWithParams()
#8 C:\xampp\htdocs\framework\web\CController.php(286): SiteController->runAction()
#9 C:\xampp\htdocs\framework\web\CController.php(265): SiteController->runActionWithFilters()
#10 C:\xampp\htdocs\framework\web\CWebApplication.php(282): SiteController->run()
#11 C:\xampp\htdocs\framework\web\CWebApplication.php(141): CWebApplication->runController()
#12 C:\xampp\htdocs\framework\base\CApplication.php(180): CWebApplication->processRequest()
#13 C:\xampp\htdocs\hdcheck\index.php(13): CWebApplication->run()
REQUEST_URI=/hdcheck/index.php
in C:\xampp\htdocs\hdcheck\protected\views\site\index.php (9)
in C:\xampp\htdocs\hdcheck\protected\controllers\SiteController.php (32)
in C:\xampp\htdocs\hdcheck\index.php (13)
2014/10/21 19:27:44 [error] [php] opendir(/opt/tomcat/webapps/hdc/WEB-INF/fortythree,/opt/tomcat/webapps/hdc/WEB-INF/fortythree): The system cannot find the path specified. (code: 3) (C:\xampp\htdocs\framework\utils\CFileHelper.php:182)
Stack trace:
#0 C:\xampp\htdocs\hdcheck\protected\views\site\index.php(9): findFiles()
#1 C:\xampp\htdocs\framework\web\CBaseController.php(126): require()
#2 C:\xampp\htdocs\framework\web\CBaseController.php(95): SiteController->renderInternal()
#3 C:\xampp\htdocs\framework\web\CController.php(869): SiteController->renderFile()
#4 C:\xampp\htdocs\framework\web\CController.php(782): SiteController->renderPartial()
#5 C:\xampp\htdocs\hdcheck\protected\controllers\SiteController.php(32): SiteController->render()
#6 C:\xampp\htdocs\framework\web\actions\CInlineAction.php(49): SiteController->actionIndex()
#7 C:\xampp\htdocs\framework\web\CController.php(308): CInlineAction->runWithParams()
#8 C:\xampp\htdocs\framework\web\CController.php(286): SiteController->runAction()
#9 C:\xampp\htdocs\framework\web\CController.php(265): SiteController->runActionWithFilters()
#10 C:\xampp\htdocs\framework\web\CWebApplication.php(282): SiteController->run()
#11 C:\xampp\htdocs\framework\web\CWebApplication.php(141): CWebApplication->runController()
#12 C:\xampp\htdocs\framework\base\CApplication.php(180): CWebApplication->processRequest()
#13 C:\xampp\htdocs\hdcheck\index.php(13): CWebApplication->run()
REQUEST_URI=/hdcheck/index.php
in C:\xampp\htdocs\hdcheck\protected\views\site\index.php (9)
in C:\xampp\htdocs\hdcheck\protected\controllers\SiteController.php (32)
in C:\xampp\htdocs\hdcheck\index.php (13)
2014/10/21 20:18:40 [error] [php] opendir(/opt/tomcat/webapps/hdc/WEB-INF/fortythree,/opt/tomcat/webapps/hdc/WEB-INF/fortythree): The system cannot find the path specified. (code: 3) (C:\xampp\htdocs\framework\utils\CFileHelper.php:182)
Stack trace:
#0 C:\xampp\htdocs\hdcheck\protected\views\site\index.php(9): findFiles()
#1 C:\xampp\htdocs\framework\web\CBaseController.php(126): require()
#2 C:\xampp\htdocs\framework\web\CBaseController.php(95): SiteController->renderInternal()
#3 C:\xampp\htdocs\framework\web\CController.php(869): SiteController->renderFile()
#4 C:\xampp\htdocs\framework\web\CController.php(782): SiteController->renderPartial()
#5 C:\xampp\htdocs\hdcheck\protected\controllers\SiteController.php(32): SiteController->render()
#6 C:\xampp\htdocs\framework\web\actions\CInlineAction.php(49): SiteController->actionIndex()
#7 C:\xampp\htdocs\framework\web\CController.php(308): CInlineAction->runWithParams()
#8 C:\xampp\htdocs\framework\web\CController.php(286): SiteController->runAction()
#9 C:\xampp\htdocs\framework\web\CController.php(265): SiteController->runActionWithFilters()
#10 C:\xampp\htdocs\framework\web\CWebApplication.php(282): SiteController->run()
#11 C:\xampp\htdocs\framework\web\CWebApplication.php(141): CWebApplication->runController()
#12 C:\xampp\htdocs\framework\base\CApplication.php(180): CWebApplication->processRequest()
#13 C:\xampp\htdocs\hdcheck\index.php(13): CWebApplication->run()
REQUEST_URI=/hdcheck/index.php
in C:\xampp\htdocs\hdcheck\protected\views\site\index.php (9)
in C:\xampp\htdocs\hdcheck\protected\controllers\SiteController.php (32)
in C:\xampp\htdocs\hdcheck\index.php (13)
2014/10/26 20:53:13 [error] [php] mysql_connect(): Access denied for user 'root'@'localhost' (using password: YES) (C:\xampp\htdocs\hdcheck\protected\views\site\v_process.php:2)
Stack trace:
#0 C:\xampp\htdocs\framework\web\CBaseController.php(95): SiteController->renderInternal()
#1 C:\xampp\htdocs\framework\web\CController.php(869): SiteController->renderFile()
#2 C:\xampp\htdocs\framework\web\CController.php(782): SiteController->renderPartial()
#3 C:\xampp\htdocs\hdcheck\protected\controllers\SiteController.php(43): SiteController->render()
#4 C:\xampp\htdocs\framework\web\actions\CInlineAction.php(49): SiteController->actionProcess()
#5 C:\xampp\htdocs\framework\web\CController.php(308): CInlineAction->runWithParams()
#6 C:\xampp\htdocs\framework\web\CController.php(286): SiteController->runAction()
#7 C:\xampp\htdocs\framework\web\CController.php(265): SiteController->runActionWithFilters()
#8 C:\xampp\htdocs\framework\web\CWebApplication.php(282): SiteController->run()
#9 C:\xampp\htdocs\framework\web\CWebApplication.php(141): CWebApplication->runController()
#10 C:\xampp\htdocs\framework\base\CApplication.php(180): CWebApplication->processRequest()
#11 C:\xampp\htdocs\hdcheck\index.php(13): CWebApplication->run()
REQUEST_URI=/hdcheck/index.php?r=site/process
in C:\xampp\htdocs\hdcheck\protected\views\site\v_process.php (2)
in C:\xampp\htdocs\hdcheck\protected\controllers\SiteController.php (43)
in C:\xampp\htdocs\hdcheck\index.php (13)
